<?xml version="1.0" encoding="UTF-8"?>
<testsuite xmlns:xsi="http://www.w3.org/2001/XMLSchema-instance" xsi:noNamespaceSchemaLocation="https://maven.apache.org/surefire/maven-surefire-plugin/xsd/surefire-test-report.xsd" name="com.test.rest.AppTest" time="3.74" tests="2" errors="0" skipped="0" failures="0">
  <properties>
[...]
</properties>
  <testcase name="test_getDDClassesList_shouldReturn200AndCountFieldInRespBody" classname="com.test.rest.AppTest" time="3.147"/>
  <testcase name="test_getDDChucrutePath_shouldReturn404" classname="com.test.rest.AppTest" time="0.509"/>
</testsuite>